{"contracts\\NftMarketplace.sol":{"l":{"47":13,"48":13,"49":1,"51":12,"58":17,"59":17,"60":17,"61":3,"63":14,"66":9,"67":9,"68":3,"70":6,"81":11,"82":0,"84":11,"85":11,"86":1,"88":10,"89":10,"97":3,"98":3,"99":1,"101":2,"102":2,"103":2,"104":2,"112":1,"113":1,"121":1,"122":1,"126":2,"127":2,"128":1,"130":1,"131":1,"132":1,"133":0,"145":3,"149":2},"path":"C:\\Users\\kefai\\hardhat-marketplace\\contracts\\NftMarketplace.sol","s":{"1":13,"2":13,"3":17,"4":17,"5":17,"6":9,"7":9,"8":11,"9":11,"10":11,"11":10,"12":10,"13":3,"14":3,"15":2,"16":2,"17":2,"18":1,"19":1,"20":1,"21":2,"22":2,"23":1,"24":1,"25":1,"26":3,"27":2},"b":{"1":[1,12],"2":[3,14],"3":[3,6],"4":[0,11],"5":[1,10],"6":[1,2],"7":[1,1],"8":[0,1]},"f":{"1":13,"2":17,"3":9,"4":11,"5":3,"6":1,"7":1,"8":2,"9":3,"10":2},"fnMap":{"1":{"name":"notListed","line":42,"loc":{"start":{"line":42,"column":4},"end":{"line":52,"column":4}}},"2":{"name":"isOwner","line":53,"loc":{"start":{"line":53,"column":4},"end":{"line":64,"column":4}}},"3":{"name":"isListed","line":65,"loc":{"start":{"line":65,"column":4},"end":{"line":71,"column":4}}},"4":{"name":"listItem","line":80,"loc":{"start":{"line":76,"column":4},"end":{"line":90,"column":4}}},"5":{"name":"buyItem","line":95,"loc":{"start":{"line":92,"column":4},"end":{"line":105,"column":4}}},"6":{"name":"cancelListing","line":110,"loc":{"start":{"line":107,"column":4},"end":{"line":114,"column":4}}},"7":{"name":"updateListing","line":120,"loc":{"start":{"line":116,"column":4},"end":{"line":123,"column":4}}},"8":{"name":"withdrawProceeds","line":125,"loc":{"start":{"line":125,"column":4},"end":{"line":135,"column":4}}},"9":{"name":"getListing","line":140,"loc":{"start":{"line":140,"column":4},"end":{"line":146,"column":4}}},"10":{"name":"getProceeds","line":148,"loc":{"start":{"line":148,"column":4},"end":{"line":150,"column":4}}}},"statementMap":{"1":{"start":{"line":47,"column":8},"end":{"line":47,"column":63}},"2":{"start":{"line":48,"column":8},"end":{"line":48,"column":1602}},"3":{"start":{"line":58,"column":8},"end":{"line":58,"column":41}},"4":{"start":{"line":59,"column":8},"end":{"line":59,"column":44}},"5":{"start":{"line":60,"column":8},"end":{"line":60,"column":1941}},"6":{"start":{"line":66,"column":8},"end":{"line":66,"column":63}},"7":{"start":{"line":67,"column":8},"end":{"line":67,"column":2185}},"8":{"start":{"line":81,"column":8},"end":{"line":81,"column":2608}},"9":{"start":{"line":84,"column":8},"end":{"line":84,"column":41}},"10":{"start":{"line":85,"column":8},"end":{"line":85,"column":2750}},"11":{"start":{"line":88,"column":8},"end":{"line":88,"column":66}},"12":{"start":{"line":89,"column":8},"end":{"line":89,"column":63}},"13":{"start":{"line":97,"column":8},"end":{"line":97,"column":66}},"14":{"start":{"line":98,"column":8},"end":{"line":98,"column":3238}},"15":{"start":{"line":101,"column":8},"end":{"line":101,"column":80}},"16":{"start":{"line":103,"column":8},"end":{"line":103,"column":83}},"17":{"start":{"line":104,"column":8},"end":{"line":104,"column":74}},"18":{"start":{"line":113,"column":8},"end":{"line":113,"column":58}},"19":{"start":{"line":121,"column":8},"end":{"line":121,"column":54}},"20":{"start":{"line":122,"column":8},"end":{"line":122,"column":66}},"21":{"start":{"line":126,"column":8},"end":{"line":126,"column":49}},"22":{"start":{"line":127,"column":8},"end":{"line":127,"column":4419}},"23":{"start":{"line":130,"column":8},"end":{"line":130,"column":33}},"24":{"start":{"line":131,"column":8},"end":{"line":131,"column":72}},"25":{"start":{"line":132,"column":8},"end":{"line":132,"column":4622}},"26":{"start":{"line":145,"column":8},"end":{"line":145,"column":45}},"27":{"start":{"line":149,"column":8},"end":{"line":149,"column":33}}},"branchMap":{"1":{"line":48,"type":"if","locations":[{"start":{"line":48,"column":8},"end":{"line":48,"column":8}},{"start":{"line":48,"column":8},"end":{"line":48,"column":8}}]},"2":{"line":60,"type":"if","locations":[{"start":{"line":60,"column":8},"end":{"line":60,"column":8}},{"start":{"line":60,"column":8},"end":{"line":60,"column":8}}]},"3":{"line":67,"type":"if","locations":[{"start":{"line":67,"column":8},"end":{"line":67,"column":8}},{"start":{"line":67,"column":8},"end":{"line":67,"column":8}}]},"4":{"line":81,"type":"if","locations":[{"start":{"line":81,"column":8},"end":{"line":81,"column":8}},{"start":{"line":81,"column":8},"end":{"line":81,"column":8}}]},"5":{"line":85,"type":"if","locations":[{"start":{"line":85,"column":8},"end":{"line":85,"column":8}},{"start":{"line":85,"column":8},"end":{"line":85,"column":8}}]},"6":{"line":98,"type":"if","locations":[{"start":{"line":98,"column":8},"end":{"line":98,"column":8}},{"start":{"line":98,"column":8},"end":{"line":98,"column":8}}]},"7":{"line":127,"type":"if","locations":[{"start":{"line":127,"column":8},"end":{"line":127,"column":8}},{"start":{"line":127,"column":8},"end":{"line":127,"column":8}}]},"8":{"line":132,"type":"if","locations":[{"start":{"line":132,"column":8},"end":{"line":132,"column":8}},{"start":{"line":132,"column":8},"end":{"line":132,"column":8}}]}}},"contracts\\test\\BasicNft.sol":{"l":{"13":3,"17":15,"18":15,"19":15,"23":0,"24":0,"28":0},"path":"C:\\Users\\kefai\\hardhat-marketplace\\contracts\\test\\BasicNft.sol","s":{"1":3,"2":15,"3":15,"4":15,"5":0,"6":0,"7":0},"b":{"1":[0,0]},"f":{"1":3,"2":15,"3":0,"4":0},"fnMap":{"1":{"name":"constructor","line":12,"loc":{"start":{"line":12,"column":4},"end":{"line":14,"column":4}}},"2":{"name":"mintNft","line":16,"loc":{"start":{"line":16,"column":4},"end":{"line":20,"column":4}}},"3":{"name":"tokenURI","line":22,"loc":{"start":{"line":22,"column":4},"end":{"line":25,"column":4}}},"4":{"name":"getTokenCounter","line":27,"loc":{"start":{"line":27,"column":4},"end":{"line":29,"column":4}}}},"statementMap":{"1":{"start":{"line":13,"column":8},"end":{"line":13,"column":25}},"2":{"start":{"line":17,"column":8},"end":{"line":17,"column":44}},"3":{"start":{"line":18,"column":8},"end":{"line":18,"column":38}},"4":{"start":{"line":19,"column":8},"end":{"line":19,"column":42}},"5":{"start":{"line":23,"column":8},"end":{"line":23,"column":83}},"6":{"start":{"line":24,"column":8},"end":{"line":24,"column":24}},"7":{"start":{"line":28,"column":8},"end":{"line":28,"column":29}}},"branchMap":{"1":{"line":23,"type":"if","locations":[{"start":{"line":23,"column":8},"end":{"line":23,"column":8}},{"start":{"line":23,"column":8},"end":{"line":23,"column":8}}]}}}}