TN:
SF:C:\Users\kefai\hardhat-marketplace\contracts\NftMarketplace.sol
FN:42,notListed
FN:53,isOwner
FN:65,isListed
FN:80,listItem
FN:95,buyItem
FN:110,cancelListing
FN:120,updateListing
FN:125,withdrawProceeds
FN:140,getListing
FN:148,getProceeds
FNF:10
FNH:10
FNDA:13,notListed
FNDA:17,isOwner
FNDA:9,isListed
FNDA:11,listItem
FNDA:3,buyItem
FNDA:1,cancelListing
FNDA:1,updateListing
FNDA:2,withdrawProceeds
FNDA:3,getListing
FNDA:2,getProceeds
DA:47,13
DA:48,13
DA:49,1
DA:51,12
DA:58,17
DA:59,17
DA:60,17
DA:61,3
DA:63,14
DA:66,9
DA:67,9
DA:68,3
DA:70,6
DA:81,11
DA:82,0
DA:84,11
DA:85,11
DA:86,1
DA:88,10
DA:89,10
DA:97,3
DA:98,3
DA:99,1
DA:101,2
DA:102,2
DA:103,2
DA:104,2
DA:112,1
DA:113,1
DA:121,1
DA:122,1
DA:126,2
DA:127,2
DA:128,1
DA:130,1
DA:131,1
DA:132,1
DA:133,0
DA:145,3
DA:149,2
LF:40
LH:38
BRDA:48,1,0,1
BRDA:48,1,1,12
BRDA:60,2,0,3
BRDA:60,2,1,14
BRDA:67,3,0,3
BRDA:67,3,1,6
BRDA:81,4,0,0
BRDA:81,4,1,11
BRDA:85,5,0,1
BRDA:85,5,1,10
BRDA:98,6,0,1
BRDA:98,6,1,2
BRDA:127,7,0,1
BRDA:127,7,1,1
BRDA:132,8,0,0
BRDA:132,8,1,1
BRF:16
BRH:14
end_of_record
TN:
SF:C:\Users\kefai\hardhat-marketplace\contracts\test\BasicNft.sol
FN:12,constructor
FN:16,mintNft
FN:22,tokenURI
FN:27,getTokenCounter
FNF:4
FNH:2
FNDA:3,constructor
FNDA:15,mintNft
FNDA:0,tokenURI
FNDA:0,getTokenCounter
DA:13,3
DA:17,15
DA:18,15
DA:19,15
DA:23,0
DA:24,0
DA:28,0
LF:7
LH:4
BRDA:23,1,0,0
BRDA:23,1,1,0
BRF:2
BRH:0
end_of_record
